<?xml version="1.0" encoding="UTF-8"?>
<!-- Generated by org.testng.reporters.JUnitReportReporter -->
<testsuite hostname="DESKTOP-AMAR" failures="0" tests="5" name="practice.PractiseTestNg" time="0.019" errors="0" timestamp="2022-08-11T14:50:54 IST" skipped="0">
  <testcase classname="practice.PractiseTestNg" name="ModifyContact" time="0.002"/>
  <system-out/>
  <testcase classname="practice.PractiseTestNg" name="DeleteContact" time="0.002"/>
  <system-out/>
  <testcase classname="practice.PractiseTestNg" name="ModifyContact" time="0.002"/>
  <system-out/>
  <testcase classname="practice.PractiseTestNg" name="CreateContact" time="0.011"/>
  <system-out/>
  <testcase classname="practice.PractiseTestNg" name="ModifyContact" time="0.002"/>
  <system-out/>
</testsuite> <!-- practice.PractiseTestNg -->
