<?xml version="1.0" encoding="UTF-8"?>
<!-- Generated by org.testng.reporters.JUnitReportReporter -->
<testsuite hostname="DESKTOP-AMAR" failures="0" tests="1" name="practice.Demo2" time="0.003" errors="0" timestamp="2022-08-08T12:55:03 IST" skipped="0">
  <testcase classname="practice.Demo2" name="createContact" time="0.003"/>
  <system-out/>
</testsuite> <!-- practice.Demo2 -->
