<?xml version="1.0" encoding="UTF-8"?>
<!-- Generated by org.testng.reporters.JUnitReportReporter -->
<testsuite hostname="DESKTOP-AMAR" failures="0" tests="1" name="com.crm.Sdet.product.CreateProductByGeneric" time="19.374" errors="0" timestamp="2022-08-09T13:40:23 IST" skipped="0">
  <testcase classname="com.crm.Sdet.product.CreateProductByGeneric" name="CreateProduct" time="19.374"/>
  <system-out/>
</testsuite> <!-- com.crm.Sdet.product.CreateProductByGeneric -->
