<?xml version="1.0" encoding="UTF-8"?>
<!-- Generated by org.testng.reporters.JUnitReportReporter -->
<testsuite hostname="DESKTOP-AMAR" failures="0" tests="1" name="practice.Sample" time="0.003" errors="0" timestamp="2022-08-08T13:25:30 IST" skipped="0">
  <testcase classname="practice.Sample" name="createContact" time="0.003"/>
  <system-out/>
</testsuite> <!-- practice.Sample -->
