<?xml version="1.0" encoding="UTF-8"?>
<!-- Generated by org.testng.reporters.JUnitReportReporter -->
<testsuite hostname="DESKTOP-AMAR" failures="0" tests="1" name="com.crm.Sdet.product.CreateProductByGenericTest" time="42.351" errors="0" timestamp="2022-08-15T16:26:50 IST" skipped="0">
  <testcase classname="com.crm.Sdet.product.CreateProductByGenericTest" name="CreateProduct" time="42.351"/>
  <system-out/>
</testsuite> <!-- com.crm.Sdet.product.CreateProductByGenericTest -->
