<?xml version="1.0" encoding="UTF-8"?>
<!-- Generated by org.testng.reporters.JUnitReportReporter -->
<testsuite hostname="DESKTOP-AMAR" failures="0" tests="1" name="com.crm.Sdet.campaign.CampaignToProductGeneric" time="29.028" errors="0" timestamp="2022-08-08T12:17:15 IST" skipped="0">
  <testcase classname="com.crm.Sdet.campaign.CampaignToProductGeneric" name="CreateCampaignToProduct" time="29.028"/>
  <system-out/>
</testsuite> <!-- com.crm.Sdet.campaign.CampaignToProductGeneric -->
