<?xml version="1.0" encoding="UTF-8"?>
<!-- Generated by org.testng.reporters.JUnitReportReporter -->
<testsuite hostname="DESKTOP-AMAR" failures="0" tests="1" name="com.crm.Sdet.campaign.CreateCampaignByGeneric" time="13.929" errors="0" timestamp="2022-08-11T13:43:53 IST" skipped="0">
  <testcase classname="com.crm.Sdet.campaign.CreateCampaignByGeneric" name="CreateCampaign" time="13.929"/>
  <system-out/>
</testsuite> <!-- com.crm.Sdet.campaign.CreateCampaignByGeneric -->
