<?xml version="1.0" encoding="UTF-8"?>
<!-- Generated by org.testng.reporters.JUnitReportReporter -->
<testsuite hostname="DESKTOP-AMAR" failures="0" tests="2" name="practice.HardAssertSample" time="0.019" errors="0" timestamp="2022-08-08T16:55:50 IST" skipped="0">
  <testcase classname="practice.HardAssertSample" name="modifyCustomerTest" time="0.003"/>
  <system-out/>
  <testcase classname="practice.HardAssertSample" name="createCustomerTest" time="0.016"/>
  <system-out/>
</testsuite> <!-- practice.HardAssertSample -->
