<?xml version="1.0" encoding="UTF-8"?>
<!-- Generated by org.testng.reporters.JUnitReportReporter -->
<testsuite hostname="DESKTOP-AMAR" failures="0" tests="1" name="practice.DataProviderTest" time="0.000" errors="0" timestamp="2022-08-03T15:29:17 IST" skipped="1">
  <testcase classname="practice.DataProviderTest" name="bookTicket" time="0.000">
    <skipped/>
  </testcase> <!-- bookTicket -->
  <system-out/>
</testsuite> <!-- practice.DataProviderTest -->
