<?xml version="1.0" encoding="UTF-8"?>
<!-- Generated by org.testng.reporters.JUnitReportReporter -->
<testsuite hostname="DESKTOP-AMAR" failures="0" tests="1" name="practice.Demo1" time="0.012" errors="0" timestamp="2022-08-08T12:55:03 IST" skipped="0">
  <testcase classname="practice.Demo1" name="modifyContact" time="0.012"/>
  <system-out/>
</testsuite> <!-- practice.Demo1 -->
